app/build/outputs/logs/manifest-merger-release-report.txt
-- Merging decision tree log ---
manifest
ADDED from src\main\AndroidManifest.xml:1:1-185:12
	package
		ADDED from src\main\AndroidManifest.xml:2:5-44
		INJECTED from src\main\AndroidManifest.xml
		INJECTED from src\main\AndroidManifest.xml
	android:versionName
		ADDED from src\main\AndroidManifest.xml:4:5-54
		INJECTED from src\main\AndroidManifest.xml
		INJECTED from src\main\AndroidManifest.xml
	android:versionCode
		ADDED from src\main\AndroidManifest.xml:3:5-28
		INJECTED from src\main\AndroidManifest.xml
		INJECTED from src\main\AndroidManifest.xml
	xmlns:android
		ADDED from src\main\AndroidManifest.xml:1:11-69
uses-sdk
ADDED from src\main\AndroidManifest.xml:6:5-8:41
MERGED from [com.android.support:support-v4:23.2.1] AndroidManifest.xml:20:5-43
MERGED from [TurboLauncher:itus:unspecified] AndroidManifest.xml:6:5-8:41
	android:targetSdkVersion
		ADDED from src\main\AndroidManifest.xml:8:9-38
		INJECTED from src\main\AndroidManifest.xml
		INJECTED from src\main\AndroidManifest.xml
	android:minSdkVersion
		ADDED from src\main\AndroidManifest.xml:7:9-35
		INJECTED from src\main\AndroidManifest.xml
		INJECTED from src\main\AndroidManifest.xml
supports-screens
ADDED from src\main\AndroidManifest.xml:10:6-15:39
	android:largeScreens
		ADDED from src\main\AndroidManifest.xml:13:9-36
	android:smallScreens
		ADDED from src\main\AndroidManifest.xml:15:9-36
	android:normalScreens
		ADDED from src\main\AndroidManifest.xml:14:9-37
	android:xlargeScreens
		ADDED from src\main\AndroidManifest.xml:12:9-37
	android:anyDensity
		ADDED from src\main\AndroidManifest.xml:11:9-34
permission#com.phonemetra.turbo.launcher.permission.PRELOAD_WORKSPACE
ADDED from src\main\AndroidManifest.xml:18:5-21:55
	android:protectionLevel
		ADDED from src\main\AndroidManifest.xml:21:9-52
	android:permissionGroup
		ADDED from src\main\AndroidManifest.xml:20:9-72
	android:name
		ADDED from src\main\AndroidManifest.xml:19:9-82
permission#com.android.launcher.permission.INSTALL_SHORTCUT
ADDED from src\main\AndroidManifest.xml:22:5-27:67
	android:label
		ADDED from src\main\AndroidManifest.xml:26:9-57
	android:protectionLevel
		ADDED from src\main\AndroidManifest.xml:25:9-44
	android:permissionGroup
		ADDED from src\main\AndroidManifest.xml:24:9-72
	android:description
		ADDED from src\main\AndroidManifest.xml:27:9-64
	android:name
		ADDED from src\main\AndroidManifest.xml:23:9-72
permission#com.android.launcher.permission.UNINSTALL_SHORTCUT
ADDED from src\main\AndroidManifest.xml:28:5-33:68
	android:label
		ADDED from src\main\AndroidManifest.xml:32:9-59
	android:protectionLevel
		ADDED from src\main\AndroidManifest.xml:31:9-44
	android:permissionGroup
		ADDED from src\main\AndroidManifest.xml:30:9-72
	android:description
		ADDED from src\main\AndroidManifest.xml:33:9-66
	android:name
		ADDED from src\main\AndroidManifest.xml:29:9-74
permission#com.phonemetra.turbo.launcher.permission.READ_SETTINGS
ADDED from src\main\AndroidManifest.xml:34:5-39:63
	android:label
		ADDED from src\main\AndroidManifest.xml:38:9-54
	android:protectionLevel
		ADDED from src\main\AndroidManifest.xml:37:9-41
	android:permissionGroup
		ADDED from src\main\AndroidManifest.xml:36:9-72
	android:description
		ADDED from src\main\AndroidManifest.xml:39:9-61
	android:name
		ADDED from src\main\AndroidManifest.xml:35:9-78
permission#com.phonemetra.turbo.launcher.permission.WRITE_SETTINGS
ADDED from src\main\AndroidManifest.xml:40:5-45:64
	android:label
		ADDED from src\main\AndroidManifest.xml:44:9-55
	android:protectionLevel
		ADDED from src\main\AndroidManifest.xml:43:9-41
	android:permissionGroup
		ADDED from src\main\AndroidManifest.xml:42:9-72
	android:description
		ADDED from src\main\AndroidManifest.xml:45:9-62
	android:name
		ADDED from src\main\AndroidManifest.xml:41:9-79
permission#com.phonemetra.turbo.launcher.permission.RECEIVE_LAUNCH_BROADCASTS
ADDED from src\main\AndroidManifest.xml:47:5-50:11
	android:protectionLevel
		ADDED from src\main\AndroidManifest.xml:49:9-44
	android:name
		ADDED from src\main\AndroidManifest.xml:48:9-90
uses-permission#android.permission.SET_WALLPAPER
ADDED from src\main\AndroidManifest.xml:53:5-72
	android:name
		ADDED from src\main\AndroidManifest.xml:53:22-69
uses-permission#android.permission.SET_WALLPAPER_HINTS
ADDED from src\main\AndroidManifest.xml:54:5-78
	android:name
		ADDED from src\main\AndroidManifest.xml:54:22-75
uses-permission#android.permission.VIBRATE
ADDED from src\main\AndroidManifest.xml:55:5-66
	android:name
		ADDED from src\main\AndroidManifest.xml:55:22-63
uses-permission#android.permission.READ_EXTERNAL_STORAGE
ADDED from src\main\AndroidManifest.xml:58:5-80
	android:name
		ADDED from src\main\AndroidManifest.xml:58:22-77
uses-permission#com.android.launcher.permission.READ_SETTINGS
ADDED from src\main\AndroidManifest.xml:59:5-85
	android:name
		ADDED from src\main\AndroidManifest.xml:59:22-82
uses-permission#com.android.launcher.permission.WRITE_SETTINGS
ADDED from src\main\AndroidManifest.xml:60:5-86
	android:name
		ADDED from src\main\AndroidManifest.xml:60:22-83
uses-permission#com.phonemetra.turbo.launcher.permission.READ_SETTINGS
ADDED from src\main\AndroidManifest.xml:61:5-94
	android:name
		ADDED from src\main\AndroidManifest.xml:61:22-91
uses-permission#com.phonemetra.turbo.launcher.permission.WRITE_SETTINGS
ADDED from src\main\AndroidManifest.xml:62:5-95
	android:name
		ADDED from src\main\AndroidManifest.xml:62:22-92
uses-permission#com.phonemetra.turbo.launcher.permission.RECEIVE_LAUNCH_BROADCASTS
ADDED from src\main\AndroidManifest.xml:63:5-106
	android:name
		ADDED from src\main\AndroidManifest.xml:63:22-103
uses-permission#android.permission.WRITE_EXTERNAL_STORAGE
ADDED from src\main\AndroidManifest.xml:65:5-81
	android:name
		ADDED from src\main\AndroidManifest.xml:65:22-78
application
ADDED from src\main\AndroidManifest.xml:67:5-184:19
MERGED from [com.android.support:support-v4:23.2.1] AndroidManifest.xml:22:5-20
	android:label
		ADDED from src\main\AndroidManifest.xml:69:9-49
	android:supportsRtl
		ADDED from src\main\AndroidManifest.xml:73:9-35
	android:hardwareAccelerated
		ADDED from src\main\AndroidManifest.xml:71:9-43
	android:icon
		ADDED from src\main\AndroidManifest.xml:70:9-50
	android:largeHeap
		ADDED from src\main\AndroidManifest.xml:72:9-34
	android:name
		ADDED from src\main\AndroidManifest.xml:68:9-73
activity#com.phonemetra.turbo.launcher.Launcher
ADDED from src\main\AndroidManifest.xml:75:9-90:20
	android:clearTaskOnLaunch
		ADDED from src\main\AndroidManifest.xml:78:13-45
	android:screenOrientation
		ADDED from src\main\AndroidManifest.xml:82:13-49
	android:stateNotNeeded
		ADDED from src\main\AndroidManifest.xml:79:13-42
	android:launchMode
		ADDED from src\main\AndroidManifest.xml:77:13-44
	android:windowSoftInputMode
		ADDED from src\main\AndroidManifest.xml:81:13-52
	android:theme
		ADDED from src\main\AndroidManifest.xml:80:13-41
	android:name
		ADDED from src\main\AndroidManifest.xml:76:13-66
intent-filter#android.intent.action.MAIN+android.intent.category.DEFAULT+android.intent.category.HOME+android.intent.category.LAUNCHER+android.intent.category.MONKEY
ADDED from src\main\AndroidManifest.xml:83:13-89:29
action#android.intent.action.MAIN
ADDED from src\main\AndroidManifest.xml:84:17-69
	android:name
		ADDED from src\main\AndroidManifest.xml:84:25-66
category#android.intent.category.HOME
ADDED from src\main\AndroidManifest.xml:85:17-73
	android:name
		ADDED from src\main\AndroidManifest.xml:85:27-70
category#android.intent.category.DEFAULT
ADDED from src\main\AndroidManifest.xml:86:17-76
	android:name
		ADDED from src\main\AndroidManifest.xml:86:27-73
category#android.intent.category.MONKEY
ADDED from src\main\AndroidManifest.xml:87:17-74
	android:name
		ADDED from src\main\AndroidManifest.xml:87:27-72
category#android.intent.category.LAUNCHER
ADDED from src\main\AndroidManifest.xml:88:17-77
	android:name
		ADDED from src\main\AndroidManifest.xml:88:27-74
activity#com.phonemetra.turbo.launcher.ThemeSettingsActivity
ADDED from src\main\AndroidManifest.xml:92:9-98:20
	android:label
		ADDED from src\main\AndroidManifest.xml:93:17-66
	android:name
		ADDED from src\main\AndroidManifest.xml:92:19-85
intent-filter#android.intent.action.MAIN+com.phonemetra.turbo.launcher.category.LAUNCHER_PREFERENCES
ADDED from src\main\AndroidManifest.xml:94:13-97:29
category#com.phonemetra.turbo.launcher.category.LAUNCHER_PREFERENCES
ADDED from src\main\AndroidManifest.xml:96:17-104
	android:name
		ADDED from src\main\AndroidManifest.xml:96:27-101
activity#com.phonemetra.turbo.launcher.LauncherWallpaperPickerActivity
ADDED from src\main\AndroidManifest.xml:100:9-111:20
	android:finishOnCloseSystemDialogs
		ADDED from src\main\AndroidManifest.xml:105:13-54
	android:process
		ADDED from src\main\AndroidManifest.xml:106:13-49
	android:label
		ADDED from src\main\AndroidManifest.xml:103:13-51
	android:icon
		ADDED from src\main\AndroidManifest.xml:104:13-50
	android:theme
		ADDED from src\main\AndroidManifest.xml:102:13-58
	android:name
		ADDED from src\main\AndroidManifest.xml:101:13-89
intent-filter#android.intent.action.SET_WALLPAPER+android.intent.category.DEFAULT
ADDED from src\main\AndroidManifest.xml:107:13-110:29
action#android.intent.action.SET_WALLPAPER
ADDED from src\main\AndroidManifest.xml:108:17-78
	android:name
		ADDED from src\main\AndroidManifest.xml:108:25-75
activity#com.phonemetra.turbo.launcher.WallpaperCropActivity
ADDED from src\main\AndroidManifest.xml:113:9-125:20
	android:finishOnCloseSystemDialogs
		ADDED from src\main\AndroidManifest.xml:118:13-54
	android:process
		ADDED from src\main\AndroidManifest.xml:119:13-49
	android:label
		ADDED from src\main\AndroidManifest.xml:116:13-51
	android:icon
		ADDED from src\main\AndroidManifest.xml:117:13-50
	android:theme
		ADDED from src\main\AndroidManifest.xml:115:13-58
	android:name
		ADDED from src\main\AndroidManifest.xml:114:13-79
intent-filter#android.intent.category.DEFAULT+android.service.wallpaper.CROP_AND_SET_WALLPAPER
ADDED from src\main\AndroidManifest.xml:120:13-124:29
action#android.service.wallpaper.CROP_AND_SET_WALLPAPER
ADDED from src\main\AndroidManifest.xml:121:17-91
	android:name
		ADDED from src\main\AndroidManifest.xml:121:25-88
data
ADDED from src\main\AndroidManifest.xml:123:17-52
	android:mimeType
		ADDED from src\main\AndroidManifest.xml:123:23-49
receiver#com.phonemetra.turbo.launcher.PreloadReceiver
ADDED from src\main\AndroidManifest.xml:130:9-136:20
	android:permission
		ADDED from src\main\AndroidManifest.xml:132:13-92
	android:name
		ADDED from src\main\AndroidManifest.xml:131:13-73
intent-filter#com.phonemetra.turbo.launcher.action.PRELOAD_WORKSPACE
ADDED from src\main\AndroidManifest.xml:133:13-135:29
action#com.phonemetra.turbo.launcher.action.PRELOAD_WORKSPACE
ADDED from src\main\AndroidManifest.xml:134:17-97
	android:name
		ADDED from src\main\AndroidManifest.xml:134:25-94
receiver#com.phonemetra.turbo.launcher.InstallShortcutReceiver
ADDED from src\main\AndroidManifest.xml:139:9-145:20
	android:permission
		ADDED from src\main\AndroidManifest.xml:141:13-91
	android:name
		ADDED from src\main\AndroidManifest.xml:140:13-81
intent-filter#com.phonemetra.turbo.launcher.action.INSTALL_SHORTCUT
ADDED from src\main\AndroidManifest.xml:142:13-144:29
action#com.phonemetra.turbo.launcher.action.INSTALL_SHORTCUT
ADDED from src\main\AndroidManifest.xml:143:17-96
	android:name
		ADDED from src\main\AndroidManifest.xml:143:25-93
receiver#com.phonemetra.turbo.launcher.UninstallShortcutReceiver
ADDED from src\main\AndroidManifest.xml:148:9-154:20
	android:permission
		ADDED from src\main\AndroidManifest.xml:150:13-93
	android:name
		ADDED from src\main\AndroidManifest.xml:149:13-83
intent-filter#com.phonemetra.turbo.launcher.action.UNINSTALL_SHORTCUT
ADDED from src\main\AndroidManifest.xml:151:13-153:29
action#com.phonemetra.turbo.launcher.action.UNINSTALL_SHORTCUT
ADDED from src\main\AndroidManifest.xml:152:17-98
	android:name
		ADDED from src\main\AndroidManifest.xml:152:25-95
receiver#com.phonemetra.turbo.launcher.UserInitializeReceiver
ADDED from src\main\AndroidManifest.xml:157:9-163:20
	android:exported
		ADDED from src\main\AndroidManifest.xml:159:13-37
	android:name
		ADDED from src\main\AndroidManifest.xml:158:13-80
intent-filter#android.intent.action.USER_INITIALIZE
ADDED from src\main\AndroidManifest.xml:160:13-162:29
action#android.intent.action.USER_INITIALIZE
ADDED from src\main\AndroidManifest.xml:161:17-80
	android:name
		ADDED from src\main\AndroidManifest.xml:161:25-77
receiver#com.phonemetra.turbo.launcher.PackageChangedReceiver
ADDED from src\main\AndroidManifest.xml:165:9-172:20
	android:name
		ADDED from src\main\AndroidManifest.xml:165:19-86
intent-filter#android.intent.action.PACKAGE_CHANGED+android.intent.action.PACKAGE_REMOVED+android.intent.action.PACKAGE_REPLACED
ADDED from src\main\AndroidManifest.xml:166:13-171:29
action#android.intent.action.PACKAGE_CHANGED
ADDED from src\main\AndroidManifest.xml:167:17-79
	android:name
		ADDED from src\main\AndroidManifest.xml:167:25-77
action#android.intent.action.PACKAGE_REPLACED
ADDED from src\main\AndroidManifest.xml:168:17-80
	android:name
		ADDED from src\main\AndroidManifest.xml:168:25-78
action#android.intent.action.PACKAGE_REMOVED
ADDED from src\main\AndroidManifest.xml:169:17-79
	android:name
		ADDED from src\main\AndroidManifest.xml:169:25-77
provider#com.phonemetra.turbo.launcher.LauncherProvider
ADDED from src\main\AndroidManifest.xml:175:9-180:95
	android:readPermission
		ADDED from src\main\AndroidManifest.xml:180:13-92
	android:authorities
		ADDED from src\main\AndroidManifest.xml:177:13-73
	android:exported
		ADDED from src\main\AndroidManifest.xml:178:13-36
	android:name
		ADDED from src\main\AndroidManifest.xml:176:13-74
	android:writePermission
		ADDED from src\main\AndroidManifest.xml:179:13-94
meta-data#android.nfc.disable_beam_default
ADDED from src\main\AndroidManifest.xml:182:9-183:47
	android:value
		ADDED from src\main\AndroidManifest.xml:183:24-44
	android:name
		ADDED from src\main\AndroidManifest.xml:182:20-67